Useless nonterminals:

   question


Terminals which are not used:

   QUESTION


Useless rules:

#90    question :	 QUESTION;


State 67 contains 1 shift/reduce conflict.
State 68 contains 1 shift/reduce conflict.
State 70 contains 2 shift/reduce conflicts.
State 71 contains 3 shift/reduce conflicts.
State 140 contains 1 shift/reduce conflict.

Grammar
rule 1    start -> program_start
rule 2    program_start -> program identifier semicolon block end_program
rule 3    program_start -> error program identifier semicolon block end_program
rule 4    block -> declaration_list begin_program statement_list
rule 5    declaration_list -> declaration_list declaration semicolon
rule 6    declaration_list -> declaration semicolon
rule 7    declaration -> identifier_list colon optional_array integer
rule 8    identifier_list -> identifier_list comma identifier
rule 9    identifier_list -> identifier
rule 10   optional_array -> array l_bracket number r_bracket of
rule 11   optional_array ->		/* empty */
rule 12   statement -> var assign expression
rule 13   statement -> if bool_exp then statement_list optional_elseif optional_else end_if
rule 14   statement -> while bool_exp begin_loop statement_list end_loop
rule 15   statement -> do begin_loop statement_list end_loop while bool_exp
rule 16   statement -> read var_list
rule 17   statement -> write var_list
rule 18   statement -> break
rule 19   statement -> continue
rule 20   statement -> exit
rule 21   optional_elseif -> optional_elseif elseif bool_exp statement_list
rule 22   optional_elseif -> elseif bool_exp statement_list
rule 23   optional_elseif ->		/* empty */
rule 24   optional_else -> else statement_list
rule 25   optional_else ->		/* empty */
rule 26   var_list -> var_list comma var
rule 27   var_list -> var
rule 28   statement_list -> statement_list statement semicolon
rule 29   statement_list -> statement semicolon
rule 30   bool_exp -> relation_and_exp relation_and_exp_list
rule 31   relation_and_exp_list -> relation_and_exp_list or relation_and_exp
rule 32   relation_and_exp_list -> or relation_and_exp
rule 33   relation_and_exp_list ->		/* empty */
rule 34   relation_and_exp -> relation_exp relation_exp_list
rule 35   relation_exp_list -> relation_exp_list and relation_exp
rule 36   relation_exp_list -> and relation_exp
rule 37   relation_exp_list ->		/* empty */
rule 38   relation_exp -> not expression comp expression
rule 39   relation_exp -> not true
rule 40   relation_exp -> not false
rule 41   relation_exp -> not l_paren bool_exp r_paren
rule 42   relation_exp -> expression comp expression
rule 43   relation_exp -> true
rule 44   relation_exp -> false
rule 45   relation_exp -> l_paren bool_exp r_paren
rule 46   comp -> equal_to
rule 47   comp -> not_equal_to
rule 48   comp -> less_than
rule 49   comp -> greater_than
rule 50   comp -> less_than_or_equal_to
rule 51   comp -> greater_than_or_equal_to
rule 52   expression -> multiplicative_exp multiplicative_exp_list
rule 53   multiplicative_exp_list -> multiplicative_exp_list add multiplicative_exp
rule 54   multiplicative_exp_list -> multiplicative_exp_list sub multiplicative_exp
rule 55   multiplicative_exp_list -> add multiplicative_exp
rule 56   multiplicative_exp_list -> sub multiplicative_exp
rule 57   multiplicative_exp_list ->		/* empty */
rule 58   multiplicative_exp -> term term_list
rule 59   term_list -> term_list multiply term
rule 60   term_list -> term_list divide term
rule 61   term_list -> term_list mod term
rule 62   term_list -> multiply term
rule 63   term_list -> divide term
rule 64   term_list -> mod term
rule 65   term_list ->		/* empty */
rule 66   term -> sub var
rule 67   term -> sub number var
rule 68   term -> sub l_paren expression r_paren
rule 69   term -> var
rule 70   term -> number
rule 71   term -> l_paren expression r_paren
rule 72   var -> identifier
rule 73   var -> identifier l_bracket expression r_bracket
rule 74   program -> PROGRAM
rule 75   identifier -> IDENT
rule 76   semicolon -> SEMICOLON
rule 77   end_program -> END_PROGRAM
rule 78   begin_program -> BEGIN_PROGRAM
rule 79   comma -> COMMA
rule 80   colon -> COLON
rule 81   array -> ARRAY
rule 82   l_bracket -> L_BRACKET
rule 83   number -> NUMBER
rule 84   r_bracket -> R_BRACKET
rule 85   l_paren -> L_PAREN
rule 86   r_paren -> R_PAREN
rule 87   of -> OF
rule 88   integer -> INTEGER
rule 89   assign -> ASSIGN
rule 91   if -> IF
rule 92   then -> THEN
rule 93   end_if -> ENDIF
rule 94   elseif -> ELSEIF
rule 95   else -> ELSE
rule 96   while -> WHILE
rule 97   begin_loop -> BEGINLOOP
rule 98   end_loop -> ENDLOOP
rule 99   do -> DO
rule 100  read -> READ
rule 101  write -> WRITE
rule 102  break -> BREAK
rule 103  continue -> CONTINUE
rule 104  exit -> EXIT
rule 105  or -> OR
rule 106  and -> AND
rule 107  not -> NOT
rule 108  true -> TRUE
rule 109  false -> FALSE
rule 110  equal_to -> EQ
rule 111  not_equal_to -> NEQ
rule 112  less_than -> LT
rule 113  greater_than -> GT
rule 114  less_than_or_equal_to -> LTE
rule 115  greater_than_or_equal_to -> GTE
rule 116  add -> ADD
rule 117  sub -> SUB
rule 118  multiply -> MULT
rule 119  divide -> DIV
rule 120  mod -> MOD

Terminals, with rules where they appear

$ (-1)
error (256) 3
PROGRAM (258) 74
BEGIN_PROGRAM (259) 78
END_PROGRAM (260) 77
INTEGER (261) 88
ARRAY (262) 81
OF (263) 87
IF (264) 91
THEN (265) 92
ENDIF (266) 93
ELSE (267) 95
ELSEIF (268) 94
WHILE (269) 96
DO (270) 99
BEGINLOOP (271) 97
ENDLOOP (272) 98
BREAK (273) 102
CONTINUE (274) 103
EXIT (275) 104
READ (276) 100
WRITE (277) 101
AND (278) 106
OR (279) 105
NOT (280) 107
TRUE (281) 108
FALSE (282) 109
SUB (283) 117
ADD (284) 116
MULT (285) 118
DIV (286) 119
MOD (287) 120
EQ (288) 110
NEQ (289) 111
LT (290) 112
GT (291) 113
LTE (292) 114
GTE (293) 115
SEMICOLON (294) 76
COLON (295) 80
COMMA (296) 79
QUESTION (297) 90
L_BRACKET (298) 82
R_BRACKET (299) 84
L_PAREN (300) 85
R_PAREN (301) 86
ASSIGN (302) 89
NUMBER (303) 83
IDENT (304) 75
NEG (305)

Nonterminals, with rules where they appear

start (51)
    on left: 1
program_start (52)
    on left: 2 3, on right: 1
block (53)
    on left: 4, on right: 2 3
declaration_list (54)
    on left: 5 6, on right: 4 5
declaration (55)
    on left: 7, on right: 5 6
identifier_list (56)
    on left: 8 9, on right: 7 8
optional_array (57)
    on left: 10 11, on right: 7
statement (58)
    on left: 12 13 14 15 16 17 18 19 20, on right: 28 29
optional_elseif (59)
    on left: 21 22 23, on right: 13 21
optional_else (60)
    on left: 24 25, on right: 13
var_list (61)
    on left: 26 27, on right: 16 17 26
statement_list (62)
    on left: 28 29, on right: 4 13 14 15 21 22 24 28
bool_exp (63)
    on left: 30, on right: 13 14 15 21 22 41 45
relation_and_exp_list (64)
    on left: 31 32 33, on right: 30 31
relation_and_exp (65)
    on left: 34, on right: 30 31 32
relation_exp_list (66)
    on left: 35 36 37, on right: 34 35
relation_exp (67)
    on left: 38 39 40 41 42 43 44 45, on right: 34 35 36
comp (68)
    on left: 46 47 48 49 50 51, on right: 38 42
expression (69)
    on left: 52, on right: 12 38 42 68 71 73
multiplicative_exp_list (70)
    on left: 53 54 55 56 57, on right: 52 53 54
multiplicative_exp (71)
    on left: 58, on right: 52 53 54 55 56
term_list (72)
    on left: 59 60 61 62 63 64 65, on right: 58 59 60 61
term (73)
    on left: 66 67 68 69 70 71, on right: 58 59 60 61 62 63 64
var (74)
    on left: 72 73, on right: 12 26 27 66 67 69
program (75)
    on left: 74, on right: 2 3
identifier (76)
    on left: 75, on right: 2 3 8 9 72 73
semicolon (77)
    on left: 76, on right: 2 3 5 6 28 29
end_program (78)
    on left: 77, on right: 2 3
begin_program (79)
    on left: 78, on right: 4
comma (80)
    on left: 79, on right: 8 26
colon (81)
    on left: 80, on right: 7
array (82)
    on left: 81, on right: 10
l_bracket (83)
    on left: 82, on right: 10 73
number (84)
    on left: 83, on right: 10 67 70
r_bracket (85)
    on left: 84, on right: 10 73
l_paren (86)
    on left: 85, on right: 41 45 68 71
r_paren (87)
    on left: 86, on right: 41 45 68 71
of (88)
    on left: 87, on right: 10
integer (89)
    on left: 88, on right: 7
assign (90)
    on left: 89, on right: 12
if (91)
    on left: 91, on right: 13
then (92)
    on left: 92, on right: 13
end_if (93)
    on left: 93, on right: 13
elseif (94)
    on left: 94, on right: 21 22
else (95)
    on left: 95, on right: 24
while (96)
    on left: 96, on right: 14 15
begin_loop (97)
    on left: 97, on right: 14 15
end_loop (98)
    on left: 98, on right: 14 15
do (99)
    on left: 99, on right: 15
read (100)
    on left: 100, on right: 16
write (101)
    on left: 101, on right: 17
break (102)
    on left: 102, on right: 18
continue (103)
    on left: 103, on right: 19
exit (104)
    on left: 104, on right: 20
or (105)
    on left: 105, on right: 31 32
and (106)
    on left: 106, on right: 35 36
not (107)
    on left: 107, on right: 38 39 40 41
true (108)
    on left: 108, on right: 39 43
false (109)
    on left: 109, on right: 40 44
equal_to (110)
    on left: 110, on right: 46
not_equal_to (111)
    on left: 111, on right: 47
less_than (112)
    on left: 112, on right: 48
greater_than (113)
    on left: 113, on right: 49
less_than_or_equal_to (114)
    on left: 114, on right: 50
greater_than_or_equal_to (115)
    on left: 115, on right: 51
add (116)
    on left: 116, on right: 53 55
sub (117)
    on left: 117, on right: 54 56 66 67 68
multiply (118)
    on left: 118, on right: 59 62
divide (119)
    on left: 119, on right: 60 63
mod (120)
    on left: 120, on right: 61 64


state 0

    error	shift, and go to state 1
    PROGRAM	shift, and go to state 2

    start	go to state 197
    program_start	go to state 3
    program	go to state 4



state 1

    program_start  ->  error . program identifier semicolon block end_program   (rule 3)

    PROGRAM	shift, and go to state 2

    program	go to state 5



state 2

    program  ->  PROGRAM .   (rule 74)

    $default	reduce using rule 74 (program)



state 3

    start  ->  program_start .   (rule 1)

    $default	reduce using rule 1 (start)



state 4

    program_start  ->  program . identifier semicolon block end_program   (rule 2)

    IDENT	shift, and go to state 6

    identifier	go to state 7



state 5

    program_start  ->  error program . identifier semicolon block end_program   (rule 3)

    IDENT	shift, and go to state 6

    identifier	go to state 8



state 6

    identifier  ->  IDENT .   (rule 75)

    $default	reduce using rule 75 (identifier)



state 7

    program_start  ->  program identifier . semicolon block end_program   (rule 2)

    SEMICOLON	shift, and go to state 9

    semicolon	go to state 10



state 8

    program_start  ->  error program identifier . semicolon block end_program   (rule 3)

    SEMICOLON	shift, and go to state 9

    semicolon	go to state 11



state 9

    semicolon  ->  SEMICOLON .   (rule 76)

    $default	reduce using rule 76 (semicolon)



state 10

    program_start  ->  program identifier semicolon . block end_program   (rule 2)

    IDENT	shift, and go to state 6

    block	go to state 12
    declaration_list	go to state 13
    declaration	go to state 14
    identifier_list	go to state 15
    identifier	go to state 16



state 11

    program_start  ->  error program identifier semicolon . block end_program   (rule 3)

    IDENT	shift, and go to state 6

    block	go to state 17
    declaration_list	go to state 13
    declaration	go to state 14
    identifier_list	go to state 15
    identifier	go to state 16



state 12

    program_start  ->  program identifier semicolon block . end_program   (rule 2)

    END_PROGRAM	shift, and go to state 18

    end_program	go to state 19



state 13

    block  ->  declaration_list . begin_program statement_list   (rule 4)
    declaration_list  ->  declaration_list . declaration semicolon   (rule 5)

    BEGIN_PROGRAM	shift, and go to state 20
    IDENT	shift, and go to state 6

    declaration	go to state 21
    identifier_list	go to state 15
    identifier	go to state 16
    begin_program	go to state 22



state 14

    declaration_list  ->  declaration . semicolon   (rule 6)

    SEMICOLON	shift, and go to state 9

    semicolon	go to state 23



state 15

    declaration  ->  identifier_list . colon optional_array integer   (rule 7)
    identifier_list  ->  identifier_list . comma identifier   (rule 8)

    COLON	shift, and go to state 24
    COMMA	shift, and go to state 25

    comma	go to state 26
    colon	go to state 27



state 16

    identifier_list  ->  identifier .   (rule 9)

    $default	reduce using rule 9 (identifier_list)



state 17

    program_start  ->  error program identifier semicolon block . end_program   (rule 3)

    END_PROGRAM	shift, and go to state 18

    end_program	go to state 28



state 18

    end_program  ->  END_PROGRAM .   (rule 77)

    $default	reduce using rule 77 (end_program)



state 19

    program_start  ->  program identifier semicolon block end_program .   (rule 2)

    $default	reduce using rule 2 (program_start)



state 20

    begin_program  ->  BEGIN_PROGRAM .   (rule 78)

    $default	reduce using rule 78 (begin_program)



state 21

    declaration_list  ->  declaration_list declaration . semicolon   (rule 5)

    SEMICOLON	shift, and go to state 9

    semicolon	go to state 29



state 22

    block  ->  declaration_list begin_program . statement_list   (rule 4)

    IF  	shift, and go to state 30
    WHILE	shift, and go to state 31
    DO  	shift, and go to state 32
    BREAK	shift, and go to state 33
    CONTINUE	shift, and go to state 34
    EXIT	shift, and go to state 35
    READ	shift, and go to state 36
    WRITE	shift, and go to state 37
    IDENT	shift, and go to state 6

    statement	go to state 38
    statement_list	go to state 39
    var 	go to state 40
    identifier	go to state 41
    if  	go to state 42
    while	go to state 43
    do  	go to state 44
    read	go to state 45
    write	go to state 46
    break	go to state 47
    continue	go to state 48
    exit	go to state 49



state 23

    declaration_list  ->  declaration semicolon .   (rule 6)

    $default	reduce using rule 6 (declaration_list)



state 24

    colon  ->  COLON .   (rule 80)

    $default	reduce using rule 80 (colon)



state 25

    comma  ->  COMMA .   (rule 79)

    $default	reduce using rule 79 (comma)



state 26

    identifier_list  ->  identifier_list comma . identifier   (rule 8)

    IDENT	shift, and go to state 6

    identifier	go to state 50



state 27

    declaration  ->  identifier_list colon . optional_array integer   (rule 7)

    ARRAY	shift, and go to state 51

    $default	reduce using rule 11 (optional_array)

    optional_array	go to state 52
    array	go to state 53



state 28

    program_start  ->  error program identifier semicolon block end_program .   (rule 3)

    $default	reduce using rule 3 (program_start)



state 29

    declaration_list  ->  declaration_list declaration semicolon .   (rule 5)

    $default	reduce using rule 5 (declaration_list)



state 30

    if  ->  IF .   (rule 91)

    $default	reduce using rule 91 (if)



state 31

    while  ->  WHILE .   (rule 96)

    $default	reduce using rule 96 (while)



state 32

    do  ->  DO .   (rule 99)

    $default	reduce using rule 99 (do)



state 33

    break  ->  BREAK .   (rule 102)

    $default	reduce using rule 102 (break)



state 34

    continue  ->  CONTINUE .   (rule 103)

    $default	reduce using rule 103 (continue)



state 35

    exit  ->  EXIT .   (rule 104)

    $default	reduce using rule 104 (exit)



state 36

    read  ->  READ .   (rule 100)

    $default	reduce using rule 100 (read)



state 37

    write  ->  WRITE .   (rule 101)

    $default	reduce using rule 101 (write)



state 38

    statement_list  ->  statement . semicolon   (rule 29)

    SEMICOLON	shift, and go to state 9

    semicolon	go to state 54



state 39

    block  ->  declaration_list begin_program statement_list .   (rule 4)
    statement_list  ->  statement_list . statement semicolon   (rule 28)

    IF  	shift, and go to state 30
    WHILE	shift, and go to state 31
    DO  	shift, and go to state 32
    BREAK	shift, and go to state 33
    CONTINUE	shift, and go to state 34
    EXIT	shift, and go to state 35
    READ	shift, and go to state 36
    WRITE	shift, and go to state 37
    IDENT	shift, and go to state 6

    $default	reduce using rule 4 (block)

    statement	go to state 55
    var 	go to state 40
    identifier	go to state 41
    if  	go to state 42
    while	go to state 43
    do  	go to state 44
    read	go to state 45
    write	go to state 46
    break	go to state 47
    continue	go to state 48
    exit	go to state 49



state 40

    statement  ->  var . assign expression   (rule 12)

    ASSIGN	shift, and go to state 56

    assign	go to state 57



state 41

    var  ->  identifier .   (rule 72)
    var  ->  identifier . l_bracket expression r_bracket   (rule 73)

    L_BRACKET	shift, and go to state 58

    $default	reduce using rule 72 (var)

    l_bracket	go to state 59



state 42

    statement  ->  if . bool_exp then statement_list optional_elseif optional_else end_if   (rule 13)

    NOT 	shift, and go to state 60
    TRUE	shift, and go to state 61
    FALSE	shift, and go to state 62
    SUB 	shift, and go to state 63
    L_PAREN	shift, and go to state 64
    NUMBER	shift, and go to state 65
    IDENT	shift, and go to state 6

    bool_exp	go to state 66
    relation_and_exp	go to state 67
    relation_exp	go to state 68
    expression	go to state 69
    multiplicative_exp	go to state 70
    term	go to state 71
    var 	go to state 72
    identifier	go to state 41
    number	go to state 73
    l_paren	go to state 74
    not 	go to state 75
    true	go to state 76
    false	go to state 77
    sub 	go to state 78



state 43

    statement  ->  while . bool_exp begin_loop statement_list end_loop   (rule 14)

    NOT 	shift, and go to state 60
    TRUE	shift, and go to state 61
    FALSE	shift, and go to state 62
    SUB 	shift, and go to state 63
    L_PAREN	shift, and go to state 64
    NUMBER	shift, and go to state 65
    IDENT	shift, and go to state 6

    bool_exp	go to state 79
    relation_and_exp	go to state 67
    relation_exp	go to state 68
    expression	go to state 69
    multiplicative_exp	go to state 70
    term	go to state 71
    var 	go to state 72
    identifier	go to state 41
    number	go to state 73
    l_paren	go to state 74
    not 	go to state 75
    true	go to state 76
    false	go to state 77
    sub 	go to state 78



state 44

    statement  ->  do . begin_loop statement_list end_loop while bool_exp   (rule 15)

    BEGINLOOP	shift, and go to state 80

    begin_loop	go to state 81



state 45

    statement  ->  read . var_list   (rule 16)

    IDENT	shift, and go to state 6

    var_list	go to state 82
    var 	go to state 83
    identifier	go to state 41



state 46

    statement  ->  write . var_list   (rule 17)

    IDENT	shift, and go to state 6

    var_list	go to state 84
    var 	go to state 83
    identifier	go to state 41



state 47

    statement  ->  break .   (rule 18)

    $default	reduce using rule 18 (statement)



state 48

    statement  ->  continue .   (rule 19)

    $default	reduce using rule 19 (statement)



state 49

    statement  ->  exit .   (rule 20)

    $default	reduce using rule 20 (statement)



state 50

    identifier_list  ->  identifier_list comma identifier .   (rule 8)

    $default	reduce using rule 8 (identifier_list)



state 51

    array  ->  ARRAY .   (rule 81)

    $default	reduce using rule 81 (array)



state 52

    declaration  ->  identifier_list colon optional_array . integer   (rule 7)

    INTEGER	shift, and go to state 85

    integer	go to state 86



state 53

    optional_array  ->  array . l_bracket number r_bracket of   (rule 10)

    L_BRACKET	shift, and go to state 58

    l_bracket	go to state 87



state 54

    statement_list  ->  statement semicolon .   (rule 29)

    $default	reduce using rule 29 (statement_list)



state 55

    statement_list  ->  statement_list statement . semicolon   (rule 28)

    SEMICOLON	shift, and go to state 9

    semicolon	go to state 88



state 56

    assign  ->  ASSIGN .   (rule 89)

    $default	reduce using rule 89 (assign)



state 57

    statement  ->  var assign . expression   (rule 12)

    SUB 	shift, and go to state 63
    L_PAREN	shift, and go to state 64
    NUMBER	shift, and go to state 65
    IDENT	shift, and go to state 6

    expression	go to state 89
    multiplicative_exp	go to state 70
    term	go to state 71
    var 	go to state 72
    identifier	go to state 41
    number	go to state 73
    l_paren	go to state 90
    sub 	go to state 78



state 58

    l_bracket  ->  L_BRACKET .   (rule 82)

    $default	reduce using rule 82 (l_bracket)



state 59

    var  ->  identifier l_bracket . expression r_bracket   (rule 73)

    SUB 	shift, and go to state 63
    L_PAREN	shift, and go to state 64
    NUMBER	shift, and go to state 65
    IDENT	shift, and go to state 6

    expression	go to state 91
    multiplicative_exp	go to state 70
    term	go to state 71
    var 	go to state 72
    identifier	go to state 41
    number	go to state 73
    l_paren	go to state 90
    sub 	go to state 78



state 60

    not  ->  NOT .   (rule 107)

    $default	reduce using rule 107 (not)



state 61

    true  ->  TRUE .   (rule 108)

    $default	reduce using rule 108 (true)



state 62

    false  ->  FALSE .   (rule 109)

    $default	reduce using rule 109 (false)



state 63

    sub  ->  SUB .   (rule 117)

    $default	reduce using rule 117 (sub)



state 64

    l_paren  ->  L_PAREN .   (rule 85)

    $default	reduce using rule 85 (l_paren)



state 65

    number  ->  NUMBER .   (rule 83)

    $default	reduce using rule 83 (number)



state 66

    statement  ->  if bool_exp . then statement_list optional_elseif optional_else end_if   (rule 13)

    THEN	shift, and go to state 92

    then	go to state 93



state 67

    bool_exp  ->  relation_and_exp . relation_and_exp_list   (rule 30)

    OR  	shift, and go to state 94

    OR  	[reduce using rule 33 (relation_and_exp_list)]
    $default	reduce using rule 33 (relation_and_exp_list)

    relation_and_exp_list	go to state 95
    or  	go to state 96



state 68

    relation_and_exp  ->  relation_exp . relation_exp_list   (rule 34)

    AND 	shift, and go to state 97

    AND 	[reduce using rule 37 (relation_exp_list)]
    $default	reduce using rule 37 (relation_exp_list)

    relation_exp_list	go to state 98
    and 	go to state 99



state 69

    relation_exp  ->  expression . comp expression   (rule 42)

    EQ  	shift, and go to state 100
    NEQ 	shift, and go to state 101
    LT  	shift, and go to state 102
    GT  	shift, and go to state 103
    LTE 	shift, and go to state 104
    GTE 	shift, and go to state 105

    comp	go to state 106
    equal_to	go to state 107
    not_equal_to	go to state 108
    less_than	go to state 109
    greater_than	go to state 110
    less_than_or_equal_to	go to state 111
    greater_than_or_equal_to	go to state 112



state 70

    expression  ->  multiplicative_exp . multiplicative_exp_list   (rule 52)

    SUB 	shift, and go to state 63
    ADD 	shift, and go to state 113

    SUB 	[reduce using rule 57 (multiplicative_exp_list)]
    ADD 	[reduce using rule 57 (multiplicative_exp_list)]
    $default	reduce using rule 57 (multiplicative_exp_list)

    multiplicative_exp_list	go to state 114
    add 	go to state 115
    sub 	go to state 116



state 71

    multiplicative_exp  ->  term . term_list   (rule 58)

    MULT	shift, and go to state 117
    DIV 	shift, and go to state 118
    MOD 	shift, and go to state 119

    MULT	[reduce using rule 65 (term_list)]
    DIV 	[reduce using rule 65 (term_list)]
    MOD 	[reduce using rule 65 (term_list)]
    $default	reduce using rule 65 (term_list)

    term_list	go to state 120
    multiply	go to state 121
    divide	go to state 122
    mod 	go to state 123



state 72

    term  ->  var .   (rule 69)

    $default	reduce using rule 69 (term)



state 73

    term  ->  number .   (rule 70)

    $default	reduce using rule 70 (term)



state 74

    relation_exp  ->  l_paren . bool_exp r_paren   (rule 45)
    term  ->  l_paren . expression r_paren   (rule 71)

    NOT 	shift, and go to state 60
    TRUE	shift, and go to state 61
    FALSE	shift, and go to state 62
    SUB 	shift, and go to state 63
    L_PAREN	shift, and go to state 64
    NUMBER	shift, and go to state 65
    IDENT	shift, and go to state 6

    bool_exp	go to state 124
    relation_and_exp	go to state 67
    relation_exp	go to state 68
    expression	go to state 125
    multiplicative_exp	go to state 70
    term	go to state 71
    var 	go to state 72
    identifier	go to state 41
    number	go to state 73
    l_paren	go to state 74
    not 	go to state 75
    true	go to state 76
    false	go to state 77
    sub 	go to state 78



state 75

    relation_exp  ->  not . expression comp expression   (rule 38)
    relation_exp  ->  not . true   (rule 39)
    relation_exp  ->  not . false   (rule 40)
    relation_exp  ->  not . l_paren bool_exp r_paren   (rule 41)

    TRUE	shift, and go to state 61
    FALSE	shift, and go to state 62
    SUB 	shift, and go to state 63
    L_PAREN	shift, and go to state 64
    NUMBER	shift, and go to state 65
    IDENT	shift, and go to state 6

    expression	go to state 126
    multiplicative_exp	go to state 70
    term	go to state 71
    var 	go to state 72
    identifier	go to state 41
    number	go to state 73
    l_paren	go to state 127
    true	go to state 128
    false	go to state 129
    sub 	go to state 78



state 76

    relation_exp  ->  true .   (rule 43)

    $default	reduce using rule 43 (relation_exp)



state 77

    relation_exp  ->  false .   (rule 44)

    $default	reduce using rule 44 (relation_exp)



state 78

    term  ->  sub . var   (rule 66)
    term  ->  sub . number var   (rule 67)
    term  ->  sub . l_paren expression r_paren   (rule 68)

    L_PAREN	shift, and go to state 64
    NUMBER	shift, and go to state 65
    IDENT	shift, and go to state 6

    var 	go to state 130
    identifier	go to state 41
    number	go to state 131
    l_paren	go to state 132



state 79

    statement  ->  while bool_exp . begin_loop statement_list end_loop   (rule 14)

    BEGINLOOP	shift, and go to state 80

    begin_loop	go to state 133



state 80

    begin_loop  ->  BEGINLOOP .   (rule 97)

    $default	reduce using rule 97 (begin_loop)



state 81

    statement  ->  do begin_loop . statement_list end_loop while bool_exp   (rule 15)

    IF  	shift, and go to state 30
    WHILE	shift, and go to state 31
    DO  	shift, and go to state 32
    BREAK	shift, and go to state 33
    CONTINUE	shift, and go to state 34
    EXIT	shift, and go to state 35
    READ	shift, and go to state 36
    WRITE	shift, and go to state 37
    IDENT	shift, and go to state 6

    statement	go to state 38
    statement_list	go to state 134
    var 	go to state 40
    identifier	go to state 41
    if  	go to state 42
    while	go to state 43
    do  	go to state 44
    read	go to state 45
    write	go to state 46
    break	go to state 47
    continue	go to state 48
    exit	go to state 49



state 82

    statement  ->  read var_list .   (rule 16)
    var_list  ->  var_list . comma var   (rule 26)

    COMMA	shift, and go to state 25

    $default	reduce using rule 16 (statement)

    comma	go to state 135



state 83

    var_list  ->  var .   (rule 27)

    $default	reduce using rule 27 (var_list)



state 84

    statement  ->  write var_list .   (rule 17)
    var_list  ->  var_list . comma var   (rule 26)

    COMMA	shift, and go to state 25

    $default	reduce using rule 17 (statement)

    comma	go to state 135



state 85

    integer  ->  INTEGER .   (rule 88)

    $default	reduce using rule 88 (integer)



state 86

    declaration  ->  identifier_list colon optional_array integer .   (rule 7)

    $default	reduce using rule 7 (declaration)



state 87

    optional_array  ->  array l_bracket . number r_bracket of   (rule 10)

    NUMBER	shift, and go to state 65

    number	go to state 136



state 88

    statement_list  ->  statement_list statement semicolon .   (rule 28)

    $default	reduce using rule 28 (statement_list)



state 89

    statement  ->  var assign expression .   (rule 12)

    $default	reduce using rule 12 (statement)



state 90

    term  ->  l_paren . expression r_paren   (rule 71)

    SUB 	shift, and go to state 63
    L_PAREN	shift, and go to state 64
    NUMBER	shift, and go to state 65
    IDENT	shift, and go to state 6

    expression	go to state 137
    multiplicative_exp	go to state 70
    term	go to state 71
    var 	go to state 72
    identifier	go to state 41
    number	go to state 73
    l_paren	go to state 90
    sub 	go to state 78



state 91

    var  ->  identifier l_bracket expression . r_bracket   (rule 73)

    R_BRACKET	shift, and go to state 138

    r_bracket	go to state 139



state 92

    then  ->  THEN .   (rule 92)

    $default	reduce using rule 92 (then)



state 93

    statement  ->  if bool_exp then . statement_list optional_elseif optional_else end_if   (rule 13)

    IF  	shift, and go to state 30
    WHILE	shift, and go to state 31
    DO  	shift, and go to state 32
    BREAK	shift, and go to state 33
    CONTINUE	shift, and go to state 34
    EXIT	shift, and go to state 35
    READ	shift, and go to state 36
    WRITE	shift, and go to state 37
    IDENT	shift, and go to state 6

    statement	go to state 38
    statement_list	go to state 140
    var 	go to state 40
    identifier	go to state 41
    if  	go to state 42
    while	go to state 43
    do  	go to state 44
    read	go to state 45
    write	go to state 46
    break	go to state 47
    continue	go to state 48
    exit	go to state 49



state 94

    or  ->  OR .   (rule 105)

    $default	reduce using rule 105 (or)



state 95

    bool_exp  ->  relation_and_exp relation_and_exp_list .   (rule 30)
    relation_and_exp_list  ->  relation_and_exp_list . or relation_and_exp   (rule 31)

    OR  	shift, and go to state 94

    $default	reduce using rule 30 (bool_exp)

    or  	go to state 141



state 96

    relation_and_exp_list  ->  or . relation_and_exp   (rule 32)

    NOT 	shift, and go to state 60
    TRUE	shift, and go to state 61
    FALSE	shift, and go to state 62
    SUB 	shift, and go to state 63
    L_PAREN	shift, and go to state 64
    NUMBER	shift, and go to state 65
    IDENT	shift, and go to state 6

    relation_and_exp	go to state 142
    relation_exp	go to state 68
    expression	go to state 69
    multiplicative_exp	go to state 70
    term	go to state 71
    var 	go to state 72
    identifier	go to state 41
    number	go to state 73
    l_paren	go to state 74
    not 	go to state 75
    true	go to state 76
    false	go to state 77
    sub 	go to state 78



state 97

    and  ->  AND .   (rule 106)

    $default	reduce using rule 106 (and)



state 98

    relation_and_exp  ->  relation_exp relation_exp_list .   (rule 34)
    relation_exp_list  ->  relation_exp_list . and relation_exp   (rule 35)

    AND 	shift, and go to state 97

    $default	reduce using rule 34 (relation_and_exp)

    and 	go to state 143



state 99

    relation_exp_list  ->  and . relation_exp   (rule 36)

    NOT 	shift, and go to state 60
    TRUE	shift, and go to state 61
    FALSE	shift, and go to state 62
    SUB 	shift, and go to state 63
    L_PAREN	shift, and go to state 64
    NUMBER	shift, and go to state 65
    IDENT	shift, and go to state 6

    relation_exp	go to state 144
    expression	go to state 69
    multiplicative_exp	go to state 70
    term	go to state 71
    var 	go to state 72
    identifier	go to state 41
    number	go to state 73
    l_paren	go to state 74
    not 	go to state 75
    true	go to state 76
    false	go to state 77
    sub 	go to state 78



state 100

    equal_to  ->  EQ .   (rule 110)

    $default	reduce using rule 110 (equal_to)



state 101

    not_equal_to  ->  NEQ .   (rule 111)

    $default	reduce using rule 111 (not_equal_to)



state 102

    less_than  ->  LT .   (rule 112)

    $default	reduce using rule 112 (less_than)



state 103

    greater_than  ->  GT .   (rule 113)

    $default	reduce using rule 113 (greater_than)



state 104

    less_than_or_equal_to  ->  LTE .   (rule 114)

    $default	reduce using rule 114 (less_than_or_equal_to)



state 105

    greater_than_or_equal_to  ->  GTE .   (rule 115)

    $default	reduce using rule 115 (greater_than_or_equal_to)



state 106

    relation_exp  ->  expression comp . expression   (rule 42)

    SUB 	shift, and go to state 63
    L_PAREN	shift, and go to state 64
    NUMBER	shift, and go to state 65
    IDENT	shift, and go to state 6

    expression	go to state 145
    multiplicative_exp	go to state 70
    term	go to state 71
    var 	go to state 72
    identifier	go to state 41
    number	go to state 73
    l_paren	go to state 90
    sub 	go to state 78



state 107

    comp  ->  equal_to .   (rule 46)

    $default	reduce using rule 46 (comp)



state 108

    comp  ->  not_equal_to .   (rule 47)

    $default	reduce using rule 47 (comp)



state 109

    comp  ->  less_than .   (rule 48)

    $default	reduce using rule 48 (comp)



state 110

    comp  ->  greater_than .   (rule 49)

    $default	reduce using rule 49 (comp)



state 111

    comp  ->  less_than_or_equal_to .   (rule 50)

    $default	reduce using rule 50 (comp)



state 112

    comp  ->  greater_than_or_equal_to .   (rule 51)

    $default	reduce using rule 51 (comp)



state 113

    add  ->  ADD .   (rule 116)

    $default	reduce using rule 116 (add)



state 114

    expression  ->  multiplicative_exp multiplicative_exp_list .   (rule 52)
    multiplicative_exp_list  ->  multiplicative_exp_list . add multiplicative_exp   (rule 53)
    multiplicative_exp_list  ->  multiplicative_exp_list . sub multiplicative_exp   (rule 54)

    SUB 	shift, and go to state 63
    ADD 	shift, and go to state 113

    $default	reduce using rule 52 (expression)

    add 	go to state 146
    sub 	go to state 147



state 115

    multiplicative_exp_list  ->  add . multiplicative_exp   (rule 55)

    SUB 	shift, and go to state 63
    L_PAREN	shift, and go to state 64
    NUMBER	shift, and go to state 65
    IDENT	shift, and go to state 6

    multiplicative_exp	go to state 148
    term	go to state 71
    var 	go to state 72
    identifier	go to state 41
    number	go to state 73
    l_paren	go to state 90
    sub 	go to state 78



state 116

    multiplicative_exp_list  ->  sub . multiplicative_exp   (rule 56)

    SUB 	shift, and go to state 63
    L_PAREN	shift, and go to state 64
    NUMBER	shift, and go to state 65
    IDENT	shift, and go to state 6

    multiplicative_exp	go to state 149
    term	go to state 71
    var 	go to state 72
    identifier	go to state 41
    number	go to state 73
    l_paren	go to state 90
    sub 	go to state 78



state 117

    multiply  ->  MULT .   (rule 118)

    $default	reduce using rule 118 (multiply)



state 118

    divide  ->  DIV .   (rule 119)

    $default	reduce using rule 119 (divide)



state 119

    mod  ->  MOD .   (rule 120)

    $default	reduce using rule 120 (mod)



state 120

    multiplicative_exp  ->  term term_list .   (rule 58)
    term_list  ->  term_list . multiply term   (rule 59)
    term_list  ->  term_list . divide term   (rule 60)
    term_list  ->  term_list . mod term   (rule 61)

    MULT	shift, and go to state 117
    DIV 	shift, and go to state 118
    MOD 	shift, and go to state 119

    $default	reduce using rule 58 (multiplicative_exp)

    multiply	go to state 150
    divide	go to state 151
    mod 	go to state 152



state 121

    term_list  ->  multiply . term   (rule 62)

    SUB 	shift, and go to state 63
    L_PAREN	shift, and go to state 64
    NUMBER	shift, and go to state 65
    IDENT	shift, and go to state 6

    term	go to state 153
    var 	go to state 72
    identifier	go to state 41
    number	go to state 73
    l_paren	go to state 90
    sub 	go to state 78



state 122

    term_list  ->  divide . term   (rule 63)

    SUB 	shift, and go to state 63
    L_PAREN	shift, and go to state 64
    NUMBER	shift, and go to state 65
    IDENT	shift, and go to state 6

    term	go to state 154
    var 	go to state 72
    identifier	go to state 41
    number	go to state 73
    l_paren	go to state 90
    sub 	go to state 78



state 123

    term_list  ->  mod . term   (rule 64)

    SUB 	shift, and go to state 63
    L_PAREN	shift, and go to state 64
    NUMBER	shift, and go to state 65
    IDENT	shift, and go to state 6

    term	go to state 155
    var 	go to state 72
    identifier	go to state 41
    number	go to state 73
    l_paren	go to state 90
    sub 	go to state 78



state 124

    relation_exp  ->  l_paren bool_exp . r_paren   (rule 45)

    R_PAREN	shift, and go to state 156

    r_paren	go to state 157



state 125

    relation_exp  ->  expression . comp expression   (rule 42)
    term  ->  l_paren expression . r_paren   (rule 71)

    EQ  	shift, and go to state 100
    NEQ 	shift, and go to state 101
    LT  	shift, and go to state 102
    GT  	shift, and go to state 103
    LTE 	shift, and go to state 104
    GTE 	shift, and go to state 105
    R_PAREN	shift, and go to state 156

    comp	go to state 106
    r_paren	go to state 158
    equal_to	go to state 107
    not_equal_to	go to state 108
    less_than	go to state 109
    greater_than	go to state 110
    less_than_or_equal_to	go to state 111
    greater_than_or_equal_to	go to state 112



state 126

    relation_exp  ->  not expression . comp expression   (rule 38)

    EQ  	shift, and go to state 100
    NEQ 	shift, and go to state 101
    LT  	shift, and go to state 102
    GT  	shift, and go to state 103
    LTE 	shift, and go to state 104
    GTE 	shift, and go to state 105

    comp	go to state 159
    equal_to	go to state 107
    not_equal_to	go to state 108
    less_than	go to state 109
    greater_than	go to state 110
    less_than_or_equal_to	go to state 111
    greater_than_or_equal_to	go to state 112



state 127

    relation_exp  ->  not l_paren . bool_exp r_paren   (rule 41)
    term  ->  l_paren . expression r_paren   (rule 71)

    NOT 	shift, and go to state 60
    TRUE	shift, and go to state 61
    FALSE	shift, and go to state 62
    SUB 	shift, and go to state 63
    L_PAREN	shift, and go to state 64
    NUMBER	shift, and go to state 65
    IDENT	shift, and go to state 6

    bool_exp	go to state 160
    relation_and_exp	go to state 67
    relation_exp	go to state 68
    expression	go to state 125
    multiplicative_exp	go to state 70
    term	go to state 71
    var 	go to state 72
    identifier	go to state 41
    number	go to state 73
    l_paren	go to state 74
    not 	go to state 75
    true	go to state 76
    false	go to state 77
    sub 	go to state 78



state 128

    relation_exp  ->  not true .   (rule 39)

    $default	reduce using rule 39 (relation_exp)



state 129

    relation_exp  ->  not false .   (rule 40)

    $default	reduce using rule 40 (relation_exp)



state 130

    term  ->  sub var .   (rule 66)

    $default	reduce using rule 66 (term)



state 131

    term  ->  sub number . var   (rule 67)

    IDENT	shift, and go to state 6

    var 	go to state 161
    identifier	go to state 41



state 132

    term  ->  sub l_paren . expression r_paren   (rule 68)

    SUB 	shift, and go to state 63
    L_PAREN	shift, and go to state 64
    NUMBER	shift, and go to state 65
    IDENT	shift, and go to state 6

    expression	go to state 162
    multiplicative_exp	go to state 70
    term	go to state 71
    var 	go to state 72
    identifier	go to state 41
    number	go to state 73
    l_paren	go to state 90
    sub 	go to state 78



state 133

    statement  ->  while bool_exp begin_loop . statement_list end_loop   (rule 14)

    IF  	shift, and go to state 30
    WHILE	shift, and go to state 31
    DO  	shift, and go to state 32
    BREAK	shift, and go to state 33
    CONTINUE	shift, and go to state 34
    EXIT	shift, and go to state 35
    READ	shift, and go to state 36
    WRITE	shift, and go to state 37
    IDENT	shift, and go to state 6

    statement	go to state 38
    statement_list	go to state 163
    var 	go to state 40
    identifier	go to state 41
    if  	go to state 42
    while	go to state 43
    do  	go to state 44
    read	go to state 45
    write	go to state 46
    break	go to state 47
    continue	go to state 48
    exit	go to state 49



state 134

    statement  ->  do begin_loop statement_list . end_loop while bool_exp   (rule 15)
    statement_list  ->  statement_list . statement semicolon   (rule 28)

    IF  	shift, and go to state 30
    WHILE	shift, and go to state 31
    DO  	shift, and go to state 32
    ENDLOOP	shift, and go to state 164
    BREAK	shift, and go to state 33
    CONTINUE	shift, and go to state 34
    EXIT	shift, and go to state 35
    READ	shift, and go to state 36
    WRITE	shift, and go to state 37
    IDENT	shift, and go to state 6

    statement	go to state 55
    var 	go to state 40
    identifier	go to state 41
    if  	go to state 42
    while	go to state 43
    end_loop	go to state 165
    do  	go to state 44
    read	go to state 45
    write	go to state 46
    break	go to state 47
    continue	go to state 48
    exit	go to state 49



state 135

    var_list  ->  var_list comma . var   (rule 26)

    IDENT	shift, and go to state 6

    var 	go to state 166
    identifier	go to state 41



state 136

    optional_array  ->  array l_bracket number . r_bracket of   (rule 10)

    R_BRACKET	shift, and go to state 138

    r_bracket	go to state 167



state 137

    term  ->  l_paren expression . r_paren   (rule 71)

    R_PAREN	shift, and go to state 156

    r_paren	go to state 158



state 138

    r_bracket  ->  R_BRACKET .   (rule 84)

    $default	reduce using rule 84 (r_bracket)



state 139

    var  ->  identifier l_bracket expression r_bracket .   (rule 73)

    $default	reduce using rule 73 (var)



state 140

    statement  ->  if bool_exp then statement_list . optional_elseif optional_else end_if   (rule 13)
    statement_list  ->  statement_list . statement semicolon   (rule 28)

    IF  	shift, and go to state 30
    ELSEIF	shift, and go to state 168
    WHILE	shift, and go to state 31
    DO  	shift, and go to state 32
    BREAK	shift, and go to state 33
    CONTINUE	shift, and go to state 34
    EXIT	shift, and go to state 35
    READ	shift, and go to state 36
    WRITE	shift, and go to state 37
    IDENT	shift, and go to state 6

    ELSEIF	[reduce using rule 23 (optional_elseif)]
    $default	reduce using rule 23 (optional_elseif)

    statement	go to state 55
    optional_elseif	go to state 169
    var 	go to state 40
    identifier	go to state 41
    if  	go to state 42
    elseif	go to state 170
    while	go to state 43
    do  	go to state 44
    read	go to state 45
    write	go to state 46
    break	go to state 47
    continue	go to state 48
    exit	go to state 49



state 141

    relation_and_exp_list  ->  relation_and_exp_list or . relation_and_exp   (rule 31)

    NOT 	shift, and go to state 60
    TRUE	shift, and go to state 61
    FALSE	shift, and go to state 62
    SUB 	shift, and go to state 63
    L_PAREN	shift, and go to state 64
    NUMBER	shift, and go to state 65
    IDENT	shift, and go to state 6

    relation_and_exp	go to state 171
    relation_exp	go to state 68
    expression	go to state 69
    multiplicative_exp	go to state 70
    term	go to state 71
    var 	go to state 72
    identifier	go to state 41
    number	go to state 73
    l_paren	go to state 74
    not 	go to state 75
    true	go to state 76
    false	go to state 77
    sub 	go to state 78



state 142

    relation_and_exp_list  ->  or relation_and_exp .   (rule 32)

    $default	reduce using rule 32 (relation_and_exp_list)



state 143

    relation_exp_list  ->  relation_exp_list and . relation_exp   (rule 35)

    NOT 	shift, and go to state 60
    TRUE	shift, and go to state 61
    FALSE	shift, and go to state 62
    SUB 	shift, and go to state 63
    L_PAREN	shift, and go to state 64
    NUMBER	shift, and go to state 65
    IDENT	shift, and go to state 6

    relation_exp	go to state 172
    expression	go to state 69
    multiplicative_exp	go to state 70
    term	go to state 71
    var 	go to state 72
    identifier	go to state 41
    number	go to state 73
    l_paren	go to state 74
    not 	go to state 75
    true	go to state 76
    false	go to state 77
    sub 	go to state 78



state 144

    relation_exp_list  ->  and relation_exp .   (rule 36)

    $default	reduce using rule 36 (relation_exp_list)



state 145

    relation_exp  ->  expression comp expression .   (rule 42)

    $default	reduce using rule 42 (relation_exp)



state 146

    multiplicative_exp_list  ->  multiplicative_exp_list add . multiplicative_exp   (rule 53)

    SUB 	shift, and go to state 63
    L_PAREN	shift, and go to state 64
    NUMBER	shift, and go to state 65
    IDENT	shift, and go to state 6

    multiplicative_exp	go to state 173
    term	go to state 71
    var 	go to state 72
    identifier	go to state 41
    number	go to state 73
    l_paren	go to state 90
    sub 	go to state 78



state 147

    multiplicative_exp_list  ->  multiplicative_exp_list sub . multiplicative_exp   (rule 54)

    SUB 	shift, and go to state 63
    L_PAREN	shift, and go to state 64
    NUMBER	shift, and go to state 65
    IDENT	shift, and go to state 6

    multiplicative_exp	go to state 174
    term	go to state 71
    var 	go to state 72
    identifier	go to state 41
    number	go to state 73
    l_paren	go to state 90
    sub 	go to state 78



state 148

    multiplicative_exp_list  ->  add multiplicative_exp .   (rule 55)

    $default	reduce using rule 55 (multiplicative_exp_list)



state 149

    multiplicative_exp_list  ->  sub multiplicative_exp .   (rule 56)

    $default	reduce using rule 56 (multiplicative_exp_list)



state 150

    term_list  ->  term_list multiply . term   (rule 59)

    SUB 	shift, and go to state 63
    L_PAREN	shift, and go to state 64
    NUMBER	shift, and go to state 65
    IDENT	shift, and go to state 6

    term	go to state 175
    var 	go to state 72
    identifier	go to state 41
    number	go to state 73
    l_paren	go to state 90
    sub 	go to state 78



state 151

    term_list  ->  term_list divide . term   (rule 60)

    SUB 	shift, and go to state 63
    L_PAREN	shift, and go to state 64
    NUMBER	shift, and go to state 65
    IDENT	shift, and go to state 6

    term	go to state 176
    var 	go to state 72
    identifier	go to state 41
    number	go to state 73
    l_paren	go to state 90
    sub 	go to state 78



state 152

    term_list  ->  term_list mod . term   (rule 61)

    SUB 	shift, and go to state 63
    L_PAREN	shift, and go to state 64
    NUMBER	shift, and go to state 65
    IDENT	shift, and go to state 6

    term	go to state 177
    var 	go to state 72
    identifier	go to state 41
    number	go to state 73
    l_paren	go to state 90
    sub 	go to state 78



state 153

    term_list  ->  multiply term .   (rule 62)

    $default	reduce using rule 62 (term_list)



state 154

    term_list  ->  divide term .   (rule 63)

    $default	reduce using rule 63 (term_list)



state 155

    term_list  ->  mod term .   (rule 64)

    $default	reduce using rule 64 (term_list)



state 156

    r_paren  ->  R_PAREN .   (rule 86)

    $default	reduce using rule 86 (r_paren)



state 157

    relation_exp  ->  l_paren bool_exp r_paren .   (rule 45)

    $default	reduce using rule 45 (relation_exp)



state 158

    term  ->  l_paren expression r_paren .   (rule 71)

    $default	reduce using rule 71 (term)



state 159

    relation_exp  ->  not expression comp . expression   (rule 38)

    SUB 	shift, and go to state 63
    L_PAREN	shift, and go to state 64
    NUMBER	shift, and go to state 65
    IDENT	shift, and go to state 6

    expression	go to state 178
    multiplicative_exp	go to state 70
    term	go to state 71
    var 	go to state 72
    identifier	go to state 41
    number	go to state 73
    l_paren	go to state 90
    sub 	go to state 78



state 160

    relation_exp  ->  not l_paren bool_exp . r_paren   (rule 41)

    R_PAREN	shift, and go to state 156

    r_paren	go to state 179



state 161

    term  ->  sub number var .   (rule 67)

    $default	reduce using rule 67 (term)



state 162

    term  ->  sub l_paren expression . r_paren   (rule 68)

    R_PAREN	shift, and go to state 156

    r_paren	go to state 180



state 163

    statement  ->  while bool_exp begin_loop statement_list . end_loop   (rule 14)
    statement_list  ->  statement_list . statement semicolon   (rule 28)

    IF  	shift, and go to state 30
    WHILE	shift, and go to state 31
    DO  	shift, and go to state 32
    ENDLOOP	shift, and go to state 164
    BREAK	shift, and go to state 33
    CONTINUE	shift, and go to state 34
    EXIT	shift, and go to state 35
    READ	shift, and go to state 36
    WRITE	shift, and go to state 37
    IDENT	shift, and go to state 6

    statement	go to state 55
    var 	go to state 40
    identifier	go to state 41
    if  	go to state 42
    while	go to state 43
    end_loop	go to state 181
    do  	go to state 44
    read	go to state 45
    write	go to state 46
    break	go to state 47
    continue	go to state 48
    exit	go to state 49



state 164

    end_loop  ->  ENDLOOP .   (rule 98)

    $default	reduce using rule 98 (end_loop)



state 165

    statement  ->  do begin_loop statement_list end_loop . while bool_exp   (rule 15)

    WHILE	shift, and go to state 31

    while	go to state 182



state 166

    var_list  ->  var_list comma var .   (rule 26)

    $default	reduce using rule 26 (var_list)



state 167

    optional_array  ->  array l_bracket number r_bracket . of   (rule 10)

    OF  	shift, and go to state 183

    of  	go to state 184



state 168

    elseif  ->  ELSEIF .   (rule 94)

    $default	reduce using rule 94 (elseif)



state 169

    statement  ->  if bool_exp then statement_list optional_elseif . optional_else end_if   (rule 13)
    optional_elseif  ->  optional_elseif . elseif bool_exp statement_list   (rule 21)

    ELSE	shift, and go to state 185
    ELSEIF	shift, and go to state 168

    $default	reduce using rule 25 (optional_else)

    optional_else	go to state 186
    elseif	go to state 187
    else	go to state 188



state 170

    optional_elseif  ->  elseif . bool_exp statement_list   (rule 22)

    NOT 	shift, and go to state 60
    TRUE	shift, and go to state 61
    FALSE	shift, and go to state 62
    SUB 	shift, and go to state 63
    L_PAREN	shift, and go to state 64
    NUMBER	shift, and go to state 65
    IDENT	shift, and go to state 6

    bool_exp	go to state 189
    relation_and_exp	go to state 67
    relation_exp	go to state 68
    expression	go to state 69
    multiplicative_exp	go to state 70
    term	go to state 71
    var 	go to state 72
    identifier	go to state 41
    number	go to state 73
    l_paren	go to state 74
    not 	go to state 75
    true	go to state 76
    false	go to state 77
    sub 	go to state 78



state 171

    relation_and_exp_list  ->  relation_and_exp_list or relation_and_exp .   (rule 31)

    $default	reduce using rule 31 (relation_and_exp_list)



state 172

    relation_exp_list  ->  relation_exp_list and relation_exp .   (rule 35)

    $default	reduce using rule 35 (relation_exp_list)



state 173

    multiplicative_exp_list  ->  multiplicative_exp_list add multiplicative_exp .   (rule 53)

    $default	reduce using rule 53 (multiplicative_exp_list)



state 174

    multiplicative_exp_list  ->  multiplicative_exp_list sub multiplicative_exp .   (rule 54)

    $default	reduce using rule 54 (multiplicative_exp_list)



state 175

    term_list  ->  term_list multiply term .   (rule 59)

    $default	reduce using rule 59 (term_list)



state 176

    term_list  ->  term_list divide term .   (rule 60)

    $default	reduce using rule 60 (term_list)



state 177

    term_list  ->  term_list mod term .   (rule 61)

    $default	reduce using rule 61 (term_list)



state 178

    relation_exp  ->  not expression comp expression .   (rule 38)

    $default	reduce using rule 38 (relation_exp)



state 179

    relation_exp  ->  not l_paren bool_exp r_paren .   (rule 41)

    $default	reduce using rule 41 (relation_exp)



state 180

    term  ->  sub l_paren expression r_paren .   (rule 68)

    $default	reduce using rule 68 (term)



state 181

    statement  ->  while bool_exp begin_loop statement_list end_loop .   (rule 14)

    $default	reduce using rule 14 (statement)



state 182

    statement  ->  do begin_loop statement_list end_loop while . bool_exp   (rule 15)

    NOT 	shift, and go to state 60
    TRUE	shift, and go to state 61
    FALSE	shift, and go to state 62
    SUB 	shift, and go to state 63
    L_PAREN	shift, and go to state 64
    NUMBER	shift, and go to state 65
    IDENT	shift, and go to state 6

    bool_exp	go to state 190
    relation_and_exp	go to state 67
    relation_exp	go to state 68
    expression	go to state 69
    multiplicative_exp	go to state 70
    term	go to state 71
    var 	go to state 72
    identifier	go to state 41
    number	go to state 73
    l_paren	go to state 74
    not 	go to state 75
    true	go to state 76
    false	go to state 77
    sub 	go to state 78



state 183

    of  ->  OF .   (rule 87)

    $default	reduce using rule 87 (of)



state 184

    optional_array  ->  array l_bracket number r_bracket of .   (rule 10)

    $default	reduce using rule 10 (optional_array)



state 185

    else  ->  ELSE .   (rule 95)

    $default	reduce using rule 95 (else)



state 186

    statement  ->  if bool_exp then statement_list optional_elseif optional_else . end_if   (rule 13)

    ENDIF	shift, and go to state 191

    end_if	go to state 192



state 187

    optional_elseif  ->  optional_elseif elseif . bool_exp statement_list   (rule 21)

    NOT 	shift, and go to state 60
    TRUE	shift, and go to state 61
    FALSE	shift, and go to state 62
    SUB 	shift, and go to state 63
    L_PAREN	shift, and go to state 64
    NUMBER	shift, and go to state 65
    IDENT	shift, and go to state 6

    bool_exp	go to state 193
    relation_and_exp	go to state 67
    relation_exp	go to state 68
    expression	go to state 69
    multiplicative_exp	go to state 70
    term	go to state 71
    var 	go to state 72
    identifier	go to state 41
    number	go to state 73
    l_paren	go to state 74
    not 	go to state 75
    true	go to state 76
    false	go to state 77
    sub 	go to state 78



state 188

    optional_else  ->  else . statement_list   (rule 24)

    IF  	shift, and go to state 30
    WHILE	shift, and go to state 31
    DO  	shift, and go to state 32
    BREAK	shift, and go to state 33
    CONTINUE	shift, and go to state 34
    EXIT	shift, and go to state 35
    READ	shift, and go to state 36
    WRITE	shift, and go to state 37
    IDENT	shift, and go to state 6

    statement	go to state 38
    statement_list	go to state 194
    var 	go to state 40
    identifier	go to state 41
    if  	go to state 42
    while	go to state 43
    do  	go to state 44
    read	go to state 45
    write	go to state 46
    break	go to state 47
    continue	go to state 48
    exit	go to state 49



state 189

    optional_elseif  ->  elseif bool_exp . statement_list   (rule 22)

    IF  	shift, and go to state 30
    WHILE	shift, and go to state 31
    DO  	shift, and go to state 32
    BREAK	shift, and go to state 33
    CONTINUE	shift, and go to state 34
    EXIT	shift, and go to state 35
    READ	shift, and go to state 36
    WRITE	shift, and go to state 37
    IDENT	shift, and go to state 6

    statement	go to state 38
    statement_list	go to state 195
    var 	go to state 40
    identifier	go to state 41
    if  	go to state 42
    while	go to state 43
    do  	go to state 44
    read	go to state 45
    write	go to state 46
    break	go to state 47
    continue	go to state 48
    exit	go to state 49



state 190

    statement  ->  do begin_loop statement_list end_loop while bool_exp .   (rule 15)

    $default	reduce using rule 15 (statement)



state 191

    end_if  ->  ENDIF .   (rule 93)

    $default	reduce using rule 93 (end_if)



state 192

    statement  ->  if bool_exp then statement_list optional_elseif optional_else end_if .   (rule 13)

    $default	reduce using rule 13 (statement)



state 193

    optional_elseif  ->  optional_elseif elseif bool_exp . statement_list   (rule 21)

    IF  	shift, and go to state 30
    WHILE	shift, and go to state 31
    DO  	shift, and go to state 32
    BREAK	shift, and go to state 33
    CONTINUE	shift, and go to state 34
    EXIT	shift, and go to state 35
    READ	shift, and go to state 36
    WRITE	shift, and go to state 37
    IDENT	shift, and go to state 6

    statement	go to state 38
    statement_list	go to state 196
    var 	go to state 40
    identifier	go to state 41
    if  	go to state 42
    while	go to state 43
    do  	go to state 44
    read	go to state 45
    write	go to state 46
    break	go to state 47
    continue	go to state 48
    exit	go to state 49



state 194

    optional_else  ->  else statement_list .   (rule 24)
    statement_list  ->  statement_list . statement semicolon   (rule 28)

    IF  	shift, and go to state 30
    WHILE	shift, and go to state 31
    DO  	shift, and go to state 32
    BREAK	shift, and go to state 33
    CONTINUE	shift, and go to state 34
    EXIT	shift, and go to state 35
    READ	shift, and go to state 36
    WRITE	shift, and go to state 37
    IDENT	shift, and go to state 6

    $default	reduce using rule 24 (optional_else)

    statement	go to state 55
    var 	go to state 40
    identifier	go to state 41
    if  	go to state 42
    while	go to state 43
    do  	go to state 44
    read	go to state 45
    write	go to state 46
    break	go to state 47
    continue	go to state 48
    exit	go to state 49



state 195

    optional_elseif  ->  elseif bool_exp statement_list .   (rule 22)
    statement_list  ->  statement_list . statement semicolon   (rule 28)

    IF  	shift, and go to state 30
    WHILE	shift, and go to state 31
    DO  	shift, and go to state 32
    BREAK	shift, and go to state 33
    CONTINUE	shift, and go to state 34
    EXIT	shift, and go to state 35
    READ	shift, and go to state 36
    WRITE	shift, and go to state 37
    IDENT	shift, and go to state 6

    $default	reduce using rule 22 (optional_elseif)

    statement	go to state 55
    var 	go to state 40
    identifier	go to state 41
    if  	go to state 42
    while	go to state 43
    do  	go to state 44
    read	go to state 45
    write	go to state 46
    break	go to state 47
    continue	go to state 48
    exit	go to state 49



state 196

    optional_elseif  ->  optional_elseif elseif bool_exp statement_list .   (rule 21)
    statement_list  ->  statement_list . statement semicolon   (rule 28)

    IF  	shift, and go to state 30
    WHILE	shift, and go to state 31
    DO  	shift, and go to state 32
    BREAK	shift, and go to state 33
    CONTINUE	shift, and go to state 34
    EXIT	shift, and go to state 35
    READ	shift, and go to state 36
    WRITE	shift, and go to state 37
    IDENT	shift, and go to state 6

    $default	reduce using rule 21 (optional_elseif)

    statement	go to state 55
    var 	go to state 40
    identifier	go to state 41
    if  	go to state 42
    while	go to state 43
    do  	go to state 44
    read	go to state 45
    write	go to state 46
    break	go to state 47
    continue	go to state 48
    exit	go to state 49



state 197

    $   	go to state 198



state 198

    $   	go to state 199



state 199

    $default	accept
